{"numFailedTestSuites":0,"numFailedTests":0,"numPassedTestSuites":1,"numPassedTests":13,"numPendingTestSuites":0,"numPendingTests":0,"numRuntimeErrorTestSuites":0,"numTodoTests":0,"numTotalTestSuites":1,"numTotalTests":13,"openHandles":[],"snapshot":{"added":0,"didUpdate":false,"failure":false,"filesAdded":0,"filesRemoved":0,"filesRemovedList":[],"filesUnmatched":0,"filesUpdated":0,"matched":0,"total":0,"unchecked":0,"uncheckedKeysByFile":[],"unmatched":0,"updated":0},"startTime":1761196148272,"success":true,"testResults":[{"assertionResults":[{"ancestorTitles":["Calls API Routes","POST /api/calls/initiate"],"duration":421,"failing":false,"failureDetails":[],"failureMessages":[],"fullName":"Calls API Routes POST /api/calls/initiate should initiate call successfully","invocations":1,"location":null,"numPassingAsserts":4,"retryReasons":[],"startAt":1761196159572,"status":"passed","title":"should initiate call successfully"},{"ancestorTitles":["Calls API Routes","POST /api/calls/initiate"],"duration":145,"failing":false,"failureDetails":[],"failureMessages":[],"fullName":"Calls API Routes POST /api/calls/initiate should initiate call with delay","invocations":1,"location":null,"numPassingAsserts":2,"retryReasons":[],"startAt":1761196160033,"status":"passed","title":"should initiate call with delay"},{"ancestorTitles":["Calls API Routes","POST /api/calls/initiate"],"duration":95,"failing":false,"failureDetails":[],"failureMessages":[],"fullName":"Calls API Routes POST /api/calls/initiate should return 400 when delivery_id is missing","invocations":1,"location":null,"numPassingAsserts":4,"retryReasons":[],"startAt":1761196160183,"status":"passed","title":"should return 400 when delivery_id is missing"},{"ancestorTitles":["Calls API Routes","POST /api/calls/initiate"],"duration":131,"failing":false,"failureDetails":[],"failureMessages":[],"fullName":"Calls API Routes POST /api/calls/initiate should return 404 when delivery not found","invocations":1,"location":null,"numPassingAsserts":4,"retryReasons":[],"startAt":1761196160280,"status":"passed","title":"should return 404 when delivery not found"},{"ancestorTitles":["Calls API Routes","POST /api/calls/initiate"],"duration":178,"failing":false,"failureDetails":[],"failureMessages":[],"fullName":"Calls API Routes POST /api/calls/initiate should handle database errors","invocations":1,"location":null,"numPassingAsserts":2,"retryReasons":[],"startAt":1761196160484,"status":"passed","title":"should handle database errors"},{"ancestorTitles":["Calls API Routes","POST /api/calls/initiate"],"duration":179,"failing":false,"failureDetails":[],"failureMessages":[],"fullName":"Calls API Routes POST /api/calls/initiate should handle queue service errors","invocations":1,"location":null,"numPassingAsserts":2,"retryReasons":[],"startAt":1761196160668,"status":"passed","title":"should handle queue service errors"},{"ancestorTitles":["Calls API Routes","GET /api/calls/:delivery_id"],"duration":176,"failing":false,"failureDetails":[],"failureMessages":[],"fullName":"Calls API Routes GET /api/calls/:delivery_id should get call logs for delivery","invocations":1,"location":null,"numPassingAsserts":4,"retryReasons":[],"startAt":1761196160852,"status":"passed","title":"should get call logs for delivery"},{"ancestorTitles":["Calls API Routes","GET /api/calls/:delivery_id"],"duration":101,"failing":false,"failureDetails":[],"failureMessages":[],"fullName":"Calls API Routes GET /api/calls/:delivery_id should return empty array when no call logs exist","invocations":1,"location":null,"numPassingAsserts":2,"retryReasons":[],"startAt":1761196161063,"status":"passed","title":"should return empty array when no call logs exist"},{"ancestorTitles":["Calls API Routes","GET /api/calls/:delivery_id"],"duration":150,"failing":false,"failureDetails":[],"failureMessages":[],"fullName":"Calls API Routes GET /api/calls/:delivery_id should handle database errors","invocations":1,"location":null,"numPassingAsserts":2,"retryReasons":[],"startAt":1761196161167,"status":"passed","title":"should handle database errors"},{"ancestorTitles":["Calls API Routes","GET /api/calls/:delivery_id"],"duration":174,"failing":false,"failureDetails":[],"failureMessages":[],"fullName":"Calls API Routes GET /api/calls/:delivery_id should handle different delivery IDs","invocations":1,"location":null,"numPassingAsserts":2,"retryReasons":[],"startAt":1761196161467,"status":"passed","title":"should handle different delivery IDs"},{"ancestorTitles":["Calls API Routes","Error handling"],"duration":147,"failing":false,"failureDetails":[],"failureMessages":[],"fullName":"Calls API Routes Error handling should handle malformed JSON in request body","invocations":1,"location":null,"numPassingAsserts":1,"retryReasons":[],"startAt":1761196161662,"status":"passed","title":"should handle malformed JSON in request body"},{"ancestorTitles":["Calls API Routes","Error handling"],"duration":80,"failing":false,"failureDetails":[],"failureMessages":[],"fullName":"Calls API Routes Error handling should handle empty request body","invocations":1,"location":null,"numPassingAsserts":2,"retryReasons":[],"startAt":1761196161834,"status":"passed","title":"should handle empty request body"},{"ancestorTitles":["Calls API Routes","Route parameters"],"duration":79,"failing":false,"failureDetails":[],"failureMessages":[],"fullName":"Calls API Routes Route parameters should extract delivery_id from URL params correctly","invocations":1,"location":null,"numPassingAsserts":1,"retryReasons":[],"startAt":1761196161917,"status":"passed","title":"should extract delivery_id from URL params correctly"}],"endTime":1761196162030,"message":"","name":"C:\\Users\\deepa\\Documents\\DelAuto\\tests\\api\\routes\\calls.test.js","startTime":1761196149647,"status":"passed","summary":""}],"wasInterrupted":false}
